<?xml version="1.0" encoding="UTF-8"?>
<!-- Generated by org.testng.reporters.JUnitReportReporter -->
<testsuite hostname="welcome-PC" failures="0" tests="1" name="test1.GoogleHomePageTest" time="3.892" errors="0" timestamp="2020-04-19T22:12:45 IST" skipped="0">
  <testcase classname="test1.GoogleHomePageTest" name="verifyGooglePageTittle" time="3.892"/>
  <system-out/>
</testsuite> <!-- test1.GoogleHomePageTest -->
