<?xml version="1.0" encoding="UTF-8"?>
<!-- Generated by org.testng.reporters.JUnitReportReporter -->
<testsuite skipped="0" hostname="welcome-PC" name="test1.GoogleHomePageTest" tests="1" failures="0" timestamp="2020-04-21T12:50:11 IST" time="5.646" errors="0">
  <testcase name="verifyGooglePageTittle" time="5.646" classname="test1.GoogleHomePageTest"/>
</testsuite> <!-- test1.GoogleHomePageTest -->
